{"C:\\Новая папка\\Tests\\src\\app.js": {"path":"C:\\Новая папка\\Tests\\src\\app.js","statementMap":{"0":{"start":{"line":1,"column":16},"end":{"line":1,"column":34}},"1":{"start":{"line":3,"column":22},"end":{"line":3,"column":50}},"2":{"start":{"line":4,"column":21},"end":{"line":4,"column":48}},"3":{"start":{"line":5,"column":25},"end":{"line":5,"column":56}},"4":{"start":{"line":7,"column":12},"end":{"line":7,"column":21}},"5":{"start":{"line":9,"column":0},"end":{"line":9,"column":24}},"6":{"start":{"line":11,"column":0},"end":{"line":11,"column":36}},"7":{"start":{"line":12,"column":0},"end":{"line":12,"column":34}},"8":{"start":{"line":13,"column":0},"end":{"line":13,"column":42}},"9":{"start":{"line":16,"column":0},"end":{"line":65,"column":3}},"10":{"start":{"line":17,"column":2},"end":{"line":64,"column":5}},"11":{"start":{"line":67,"column":0},"end":{"line":67,"column":21}}},"fnMap":{"0":{"name":"(anonymous_0)","decl":{"start":{"line":16,"column":13},"end":{"line":16,"column":14}},"loc":{"start":{"line":16,"column":27},"end":{"line":65,"column":1}},"line":16}},"branchMap":{},"s":{"0":3,"1":3,"2":3,"3":3,"4":3,"5":3,"6":3,"7":3,"8":3,"9":3,"10":0,"11":3},"f":{"0":0},"b":{},"_coverageSchema":"1a1c01bbd47fc00a2c39e90264f33305004495a9","hash":"002efea72b223e8e616bf91e8f1010b2a0689908"}
,"C:\\Новая папка\\Tests\\src\\db.js": {"path":"C:\\Новая папка\\Tests\\src\\db.js","statementMap":{"0":{"start":{"line":1,"column":17},"end":{"line":1,"column":30}},"1":{"start":{"line":3,"column":13},"end":{"line":9,"column":2}},"2":{"start":{"line":11,"column":0},"end":{"line":11,"column":22}}},"fnMap":{},"branchMap":{},"s":{"0":3,"1":3,"2":3},"f":{},"b":{},"_coverageSchema":"1a1c01bbd47fc00a2c39e90264f33305004495a9","hash":"08fbf5732c1e1ddfc30a0ea4cfc4e548cb8ed51e"}
,"C:\\Новая папка\\Tests\\src\\controllers\\courseController.js": {"path":"C:\\Новая папка\\Tests\\src\\controllers\\courseController.js","statementMap":{"0":{"start":{"line":1,"column":13},"end":{"line":1,"column":29}},"1":{"start":{"line":3,"column":0},"end":{"line":16,"column":2}},"2":{"start":{"line":4,"column":52},"end":{"line":4,"column":60}},"3":{"start":{"line":6,"column":2},"end":{"line":8,"column":3}},"4":{"start":{"line":7,"column":4},"end":{"line":7,"column":61}},"5":{"start":{"line":10,"column":17},"end":{"line":13,"column":3}},"6":{"start":{"line":15,"column":2},"end":{"line":15,"column":27}},"7":{"start":{"line":18,"column":0},"end":{"line":21,"column":2}},"8":{"start":{"line":19,"column":17},"end":{"line":19,"column":57}},"9":{"start":{"line":20,"column":2},"end":{"line":20,"column":24}},"10":{"start":{"line":23,"column":0},"end":{"line":40,"column":2}},"11":{"start":{"line":24,"column":17},"end":{"line":24,"column":27}},"12":{"start":{"line":26,"column":2},"end":{"line":28,"column":3}},"13":{"start":{"line":27,"column":4},"end":{"line":27,"column":58}},"14":{"start":{"line":30,"column":17},"end":{"line":33,"column":3}},"15":{"start":{"line":35,"column":2},"end":{"line":37,"column":3}},"16":{"start":{"line":36,"column":4},"end":{"line":36,"column":56}},"17":{"start":{"line":39,"column":2},"end":{"line":39,"column":27}},"18":{"start":{"line":42,"column":0},"end":{"line":54,"column":2}},"19":{"start":{"line":43,"column":17},"end":{"line":43,"column":27}},"20":{"start":{"line":44,"column":52},"end":{"line":44,"column":60}},"21":{"start":{"line":46,"column":17},"end":{"line":51,"column":3}},"22":{"start":{"line":53,"column":2},"end":{"line":53,"column":27}},"23":{"start":{"line":56,"column":0},"end":{"line":62,"column":2}},"24":{"start":{"line":57,"column":17},"end":{"line":57,"column":27}},"25":{"start":{"line":59,"column":2},"end":{"line":59,"column":59}},"26":{"start":{"line":61,"column":2},"end":{"line":61,"column":42}}},"fnMap":{"0":{"name":"(anonymous_0)","decl":{"start":{"line":3,"column":23},"end":{"line":3,"column":24}},"loc":{"start":{"line":3,"column":43},"end":{"line":16,"column":1}},"line":3},"1":{"name":"(anonymous_1)","decl":{"start":{"line":18,"column":21},"end":{"line":18,"column":22}},"loc":{"start":{"line":18,"column":41},"end":{"line":21,"column":1}},"line":18},"2":{"name":"(anonymous_2)","decl":{"start":{"line":23,"column":24},"end":{"line":23,"column":25}},"loc":{"start":{"line":23,"column":44},"end":{"line":40,"column":1}},"line":23},"3":{"name":"(anonymous_3)","decl":{"start":{"line":42,"column":23},"end":{"line":42,"column":24}},"loc":{"start":{"line":42,"column":43},"end":{"line":54,"column":1}},"line":42},"4":{"name":"(anonymous_4)","decl":{"start":{"line":56,"column":23},"end":{"line":56,"column":24}},"loc":{"start":{"line":56,"column":43},"end":{"line":62,"column":1}},"line":56}},"branchMap":{"0":{"loc":{"start":{"line":6,"column":2},"end":{"line":8,"column":3}},"type":"if","locations":[{"start":{"line":6,"column":2},"end":{"line":8,"column":3}},{"start":{},"end":{}}],"line":6},"1":{"loc":{"start":{"line":6,"column":6},"end":{"line":6,"column":50}},"type":"binary-expr","locations":[{"start":{"line":6,"column":6},"end":{"line":6,"column":18}},{"start":{"line":6,"column":22},"end":{"line":6,"column":33}},{"start":{"line":6,"column":37},"end":{"line":6,"column":50}}],"line":6},"2":{"loc":{"start":{"line":26,"column":2},"end":{"line":28,"column":3}},"type":"if","locations":[{"start":{"line":26,"column":2},"end":{"line":28,"column":3}},{"start":{},"end":{}}],"line":26},"3":{"loc":{"start":{"line":35,"column":2},"end":{"line":37,"column":3}},"type":"if","locations":[{"start":{"line":35,"column":2},"end":{"line":37,"column":3}},{"start":{},"end":{}}],"line":35}},"s":{"0":3,"1":3,"2":3,"3":3,"4":1,"5":2,"6":2,"7":3,"8":1,"9":1,"10":3,"11":1,"12":1,"13":0,"14":1,"15":1,"16":0,"17":1,"18":3,"19":1,"20":1,"21":1,"22":1,"23":3,"24":1,"25":1,"26":1},"f":{"0":3,"1":1,"2":1,"3":1,"4":1},"b":{"0":[1,2],"1":[3,3,2],"2":[0,1],"3":[0,1]},"_coverageSchema":"1a1c01bbd47fc00a2c39e90264f33305004495a9","hash":"2e7082aaef2fa996b0c47f6c42a5d98e13c03335"}
,"C:\\Новая папка\\Tests\\src\\controllers\\enrollmentController.js": {"path":"C:\\Новая папка\\Tests\\src\\controllers\\enrollmentController.js","statementMap":{"0":{"start":{"line":1,"column":13},"end":{"line":1,"column":29}},"1":{"start":{"line":4,"column":0},"end":{"line":21,"column":2}},"2":{"start":{"line":5,"column":36},"end":{"line":5,"column":44}},"3":{"start":{"line":7,"column":2},"end":{"line":9,"column":3}},"4":{"start":{"line":8,"column":4},"end":{"line":8,"column":80}},"5":{"start":{"line":11,"column":2},"end":{"line":20,"column":3}},"6":{"start":{"line":12,"column":19},"end":{"line":15,"column":5}},"7":{"start":{"line":17,"column":4},"end":{"line":17,"column":29}},"8":{"start":{"line":19,"column":4},"end":{"line":19,"column":49}},"9":{"start":{"line":24,"column":0},"end":{"line":55,"column":2}},"10":{"start":{"line":25,"column":17},"end":{"line":25,"column":27}},"11":{"start":{"line":32,"column":6},"end":{"line":32,"column":14}},"12":{"start":{"line":34,"column":2},"end":{"line":54,"column":3}},"13":{"start":{"line":35,"column":19},"end":{"line":45,"column":5}},"14":{"start":{"line":47,"column":4},"end":{"line":49,"column":5}},"15":{"start":{"line":48,"column":6},"end":{"line":48,"column":69}},"16":{"start":{"line":51,"column":4},"end":{"line":51,"column":29}},"17":{"start":{"line":53,"column":4},"end":{"line":53,"column":49}},"18":{"start":{"line":58,"column":0},"end":{"line":84,"column":2}},"19":{"start":{"line":59,"column":17},"end":{"line":59,"column":27}},"20":{"start":{"line":61,"column":2},"end":{"line":83,"column":3}},"21":{"start":{"line":62,"column":19},"end":{"line":65,"column":5}},"22":{"start":{"line":67,"column":4},"end":{"line":69,"column":5}},"23":{"start":{"line":68,"column":6},"end":{"line":68,"column":58}},"24":{"start":{"line":71,"column":16},"end":{"line":71,"column":30}},"25":{"start":{"line":74,"column":6},"end":{"line":78,"column":29}},"26":{"start":{"line":80,"column":4},"end":{"line":80,"column":38}},"27":{"start":{"line":82,"column":4},"end":{"line":82,"column":49}},"28":{"start":{"line":87,"column":0},"end":{"line":118,"column":2}},"29":{"start":{"line":88,"column":25},"end":{"line":88,"column":35}},"30":{"start":{"line":90,"column":2},"end":{"line":92,"column":3}},"31":{"start":{"line":91,"column":4},"end":{"line":91,"column":66}},"32":{"start":{"line":94,"column":2},"end":{"line":117,"column":3}},"33":{"start":{"line":95,"column":19},"end":{"line":98,"column":5}},"34":{"start":{"line":100,"column":4},"end":{"line":102,"column":5}},"35":{"start":{"line":101,"column":6},"end":{"line":101,"column":63}},"36":{"start":{"line":104,"column":19},"end":{"line":110,"column":5}},"37":{"start":{"line":105,"column":6},"end":{"line":109,"column":27}},"38":{"start":{"line":112,"column":16},"end":{"line":112,"column":65}},"39":{"start":{"line":112,"column":40},"end":{"line":112,"column":45}},"40":{"start":{"line":114,"column":4},"end":{"line":114,"column":34}},"41":{"start":{"line":116,"column":4},"end":{"line":116,"column":49}}},"fnMap":{"0":{"name":"(anonymous_0)","decl":{"start":{"line":4,"column":24},"end":{"line":4,"column":25}},"loc":{"start":{"line":4,"column":44},"end":{"line":21,"column":1}},"line":4},"1":{"name":"(anonymous_1)","decl":{"start":{"line":24,"column":20},"end":{"line":24,"column":21}},"loc":{"start":{"line":24,"column":40},"end":{"line":55,"column":1}},"line":24},"2":{"name":"(anonymous_2)","decl":{"start":{"line":58,"column":24},"end":{"line":58,"column":25}},"loc":{"start":{"line":58,"column":44},"end":{"line":84,"column":1}},"line":58},"3":{"name":"(anonymous_3)","decl":{"start":{"line":87,"column":24},"end":{"line":87,"column":25}},"loc":{"start":{"line":87,"column":44},"end":{"line":118,"column":1}},"line":87},"4":{"name":"(anonymous_4)","decl":{"start":{"line":104,"column":35},"end":{"line":104,"column":36}},"loc":{"start":{"line":105,"column":6},"end":{"line":109,"column":27}},"line":105},"5":{"name":"(anonymous_5)","decl":{"start":{"line":112,"column":30},"end":{"line":112,"column":31}},"loc":{"start":{"line":112,"column":40},"end":{"line":112,"column":45}},"line":112}},"branchMap":{"0":{"loc":{"start":{"line":7,"column":2},"end":{"line":9,"column":3}},"type":"if","locations":[{"start":{"line":7,"column":2},"end":{"line":9,"column":3}},{"start":{},"end":{}}],"line":7},"1":{"loc":{"start":{"line":7,"column":6},"end":{"line":7,"column":31}},"type":"binary-expr","locations":[{"start":{"line":7,"column":6},"end":{"line":7,"column":17}},{"start":{"line":7,"column":21},"end":{"line":7,"column":31}}],"line":7},"2":{"loc":{"start":{"line":47,"column":4},"end":{"line":49,"column":5}},"type":"if","locations":[{"start":{"line":47,"column":4},"end":{"line":49,"column":5}},{"start":{},"end":{}}],"line":47},"3":{"loc":{"start":{"line":67,"column":4},"end":{"line":69,"column":5}},"type":"if","locations":[{"start":{"line":67,"column":4},"end":{"line":69,"column":5}},{"start":{},"end":{}}],"line":67},"4":{"loc":{"start":{"line":90,"column":2},"end":{"line":92,"column":3}},"type":"if","locations":[{"start":{"line":90,"column":2},"end":{"line":92,"column":3}},{"start":{},"end":{}}],"line":90},"5":{"loc":{"start":{"line":100,"column":4},"end":{"line":102,"column":5}},"type":"if","locations":[{"start":{"line":100,"column":4},"end":{"line":102,"column":5}},{"start":{},"end":{}}],"line":100}},"s":{"0":3,"1":3,"2":1,"3":1,"4":0,"5":1,"6":1,"7":1,"8":0,"9":3,"10":2,"11":2,"12":2,"13":2,"14":1,"15":0,"16":1,"17":1,"18":3,"19":1,"20":1,"21":1,"22":1,"23":0,"24":1,"25":1,"26":1,"27":0,"28":3,"29":1,"30":1,"31":0,"32":1,"33":1,"34":1,"35":0,"36":1,"37":1,"38":1,"39":1,"40":1,"41":0},"f":{"0":1,"1":2,"2":1,"3":1,"4":1,"5":1},"b":{"0":[0,1],"1":[1,1],"2":[0,1],"3":[0,1],"4":[0,1],"5":[0,1]},"_coverageSchema":"1a1c01bbd47fc00a2c39e90264f33305004495a9","hash":"cf3897c4985be535b93100b99bd2c7f6ea6c867e"}
,"C:\\Новая папка\\Tests\\src\\controllers\\studentController.js": {"path":"C:\\Новая папка\\Tests\\src\\controllers\\studentController.js","statementMap":{"0":{"start":{"line":1,"column":13},"end":{"line":1,"column":29}},"1":{"start":{"line":3,"column":0},"end":{"line":23,"column":2}},"2":{"start":{"line":4,"column":26},"end":{"line":4,"column":34}},"3":{"start":{"line":6,"column":2},"end":{"line":8,"column":3}},"4":{"start":{"line":7,"column":4},"end":{"line":7,"column":70}},"5":{"start":{"line":10,"column":2},"end":{"line":22,"column":3}},"6":{"start":{"line":11,"column":19},"end":{"line":14,"column":5}},"7":{"start":{"line":16,"column":4},"end":{"line":16,"column":29}},"8":{"start":{"line":18,"column":4},"end":{"line":20,"column":5}},"9":{"start":{"line":19,"column":6},"end":{"line":19,"column":69}},"10":{"start":{"line":21,"column":4},"end":{"line":21,"column":49}},"11":{"start":{"line":25,"column":0},"end":{"line":28,"column":2}},"12":{"start":{"line":26,"column":17},"end":{"line":26,"column":58}},"13":{"start":{"line":27,"column":2},"end":{"line":27,"column":24}},"14":{"start":{"line":30,"column":0},"end":{"line":40,"column":2}},"15":{"start":{"line":31,"column":17},"end":{"line":31,"column":27}},"16":{"start":{"line":32,"column":26},"end":{"line":32,"column":34}},"17":{"start":{"line":34,"column":17},"end":{"line":37,"column":3}},"18":{"start":{"line":39,"column":2},"end":{"line":39,"column":27}},"19":{"start":{"line":42,"column":0},"end":{"line":48,"column":2}},"20":{"start":{"line":43,"column":17},"end":{"line":43,"column":27}},"21":{"start":{"line":45,"column":2},"end":{"line":45,"column":60}},"22":{"start":{"line":47,"column":2},"end":{"line":47,"column":35}}},"fnMap":{"0":{"name":"(anonymous_0)","decl":{"start":{"line":3,"column":24},"end":{"line":3,"column":25}},"loc":{"start":{"line":3,"column":44},"end":{"line":23,"column":1}},"line":3},"1":{"name":"(anonymous_1)","decl":{"start":{"line":25,"column":22},"end":{"line":25,"column":23}},"loc":{"start":{"line":25,"column":42},"end":{"line":28,"column":1}},"line":25},"2":{"name":"(anonymous_2)","decl":{"start":{"line":30,"column":24},"end":{"line":30,"column":25}},"loc":{"start":{"line":30,"column":44},"end":{"line":40,"column":1}},"line":30},"3":{"name":"(anonymous_3)","decl":{"start":{"line":42,"column":24},"end":{"line":42,"column":25}},"loc":{"start":{"line":42,"column":44},"end":{"line":48,"column":1}},"line":42}},"branchMap":{"0":{"loc":{"start":{"line":6,"column":2},"end":{"line":8,"column":3}},"type":"if","locations":[{"start":{"line":6,"column":2},"end":{"line":8,"column":3}},{"start":{},"end":{}}],"line":6},"1":{"loc":{"start":{"line":6,"column":6},"end":{"line":6,"column":21}},"type":"binary-expr","locations":[{"start":{"line":6,"column":6},"end":{"line":6,"column":11}},{"start":{"line":6,"column":15},"end":{"line":6,"column":21}}],"line":6},"2":{"loc":{"start":{"line":18,"column":4},"end":{"line":20,"column":5}},"type":"if","locations":[{"start":{"line":18,"column":4},"end":{"line":20,"column":5}},{"start":{},"end":{}}],"line":18}},"s":{"0":3,"1":3,"2":3,"3":3,"4":1,"5":2,"6":2,"7":2,"8":0,"9":0,"10":0,"11":3,"12":1,"13":1,"14":3,"15":1,"16":1,"17":1,"18":1,"19":3,"20":1,"21":1,"22":1},"f":{"0":3,"1":1,"2":1,"3":1},"b":{"0":[1,2],"1":[3,3],"2":[0,0]},"_coverageSchema":"1a1c01bbd47fc00a2c39e90264f33305004495a9","hash":"0d51c90d7f63d2ed9b8acdacf77634254a1a9404"}
,"C:\\Новая папка\\Tests\\src\\routes\\courses.js": {"path":"C:\\Новая папка\\Tests\\src\\routes\\courses.js","statementMap":{"0":{"start":{"line":1,"column":16},"end":{"line":1,"column":34}},"1":{"start":{"line":2,"column":15},"end":{"line":2,"column":31}},"2":{"start":{"line":3,"column":19},"end":{"line":3,"column":61}},"3":{"start":{"line":5,"column":0},"end":{"line":5,"column":42}},"4":{"start":{"line":6,"column":0},"end":{"line":6,"column":39}},"5":{"start":{"line":7,"column":0},"end":{"line":7,"column":45}},"6":{"start":{"line":8,"column":0},"end":{"line":8,"column":44}},"7":{"start":{"line":9,"column":0},"end":{"line":9,"column":47}},"8":{"start":{"line":11,"column":0},"end":{"line":11,"column":24}}},"fnMap":{},"branchMap":{},"s":{"0":3,"1":3,"2":3,"3":3,"4":3,"5":3,"6":3,"7":3,"8":3},"f":{},"b":{},"_coverageSchema":"1a1c01bbd47fc00a2c39e90264f33305004495a9","hash":"9f16ecafbff5aae305af4da042425d409947dd83"}
,"C:\\Новая папка\\Tests\\src\\routes\\enrollments.js": {"path":"C:\\Новая папка\\Tests\\src\\routes\\enrollments.js","statementMap":{"0":{"start":{"line":1,"column":16},"end":{"line":1,"column":34}},"1":{"start":{"line":2,"column":15},"end":{"line":2,"column":31}},"2":{"start":{"line":3,"column":13},"end":{"line":3,"column":59}},"3":{"start":{"line":5,"column":0},"end":{"line":7,"column":3}},"4":{"start":{"line":6,"column":2},"end":{"line":6,"column":51}},"5":{"start":{"line":9,"column":0},"end":{"line":9,"column":37}},"6":{"start":{"line":10,"column":0},"end":{"line":10,"column":42}},"7":{"start":{"line":11,"column":0},"end":{"line":11,"column":45}},"8":{"start":{"line":12,"column":0},"end":{"line":12,"column":51}},"9":{"start":{"line":14,"column":0},"end":{"line":14,"column":24}}},"fnMap":{"0":{"name":"(anonymous_0)","decl":{"start":{"line":5,"column":16},"end":{"line":5,"column":17}},"loc":{"start":{"line":5,"column":30},"end":{"line":7,"column":1}},"line":5}},"branchMap":{},"s":{"0":3,"1":3,"2":3,"3":3,"4":0,"5":3,"6":3,"7":3,"8":3,"9":3},"f":{"0":0},"b":{},"_coverageSchema":"1a1c01bbd47fc00a2c39e90264f33305004495a9","hash":"475860de239f5c517dac50f7049a8d125adfb1d8"}
,"C:\\Новая папка\\Tests\\src\\routes\\students.js": {"path":"C:\\Новая папка\\Tests\\src\\routes\\students.js","statementMap":{"0":{"start":{"line":1,"column":16},"end":{"line":1,"column":34}},"1":{"start":{"line":2,"column":15},"end":{"line":2,"column":31}},"2":{"start":{"line":3,"column":19},"end":{"line":3,"column":62}},"3":{"start":{"line":5,"column":0},"end":{"line":5,"column":43}},"4":{"start":{"line":6,"column":0},"end":{"line":6,"column":40}},"5":{"start":{"line":7,"column":0},"end":{"line":7,"column":45}},"6":{"start":{"line":8,"column":0},"end":{"line":8,"column":48}},"7":{"start":{"line":10,"column":0},"end":{"line":10,"column":24}}},"fnMap":{},"branchMap":{},"s":{"0":3,"1":3,"2":3,"3":3,"4":3,"5":3,"6":3,"7":3},"f":{},"b":{},"_coverageSchema":"1a1c01bbd47fc00a2c39e90264f33305004495a9","hash":"dc8c8570e6a2162c95e39477e1938ab445834a96"}
}
