TN:
SF:src\app.js
FN:16,(anonymous_0)
FNF:1
FNH:0
FNDA:0,(anonymous_0)
DA:1,3
DA:3,3
DA:4,3
DA:5,3
DA:7,3
DA:9,3
DA:11,3
DA:12,3
DA:13,3
DA:16,3
DA:17,0
DA:67,3
LF:12
LH:11
BRF:0
BRH:0
end_of_record
TN:
SF:src\db.js
FNF:0
FNH:0
DA:1,3
DA:3,3
DA:11,3
LF:3
LH:3
BRF:0
BRH:0
end_of_record
TN:
SF:src\controllers\courseController.js
FN:3,(anonymous_0)
FN:18,(anonymous_1)
FN:23,(anonymous_2)
FN:42,(anonymous_3)
FN:56,(anonymous_4)
FNF:5
FNH:5
FNDA:3,(anonymous_0)
FNDA:1,(anonymous_1)
FNDA:1,(anonymous_2)
FNDA:1,(anonymous_3)
FNDA:1,(anonymous_4)
DA:1,3
DA:3,3
DA:4,3
DA:6,3
DA:7,1
DA:10,2
DA:15,2
DA:18,3
DA:19,1
DA:20,1
DA:23,3
DA:24,1
DA:26,1
DA:27,0
DA:30,1
DA:35,1
DA:36,0
DA:39,1
DA:42,3
DA:43,1
DA:44,1
DA:46,1
DA:53,1
DA:56,3
DA:57,1
DA:59,1
DA:61,1
LF:27
LH:25
BRDA:6,0,0,1
BRDA:6,0,1,2
BRDA:6,1,0,3
BRDA:6,1,1,3
BRDA:6,1,2,2
BRDA:26,2,0,0
BRDA:26,2,1,1
BRDA:35,3,0,0
BRDA:35,3,1,1
BRF:9
BRH:7
end_of_record
TN:
SF:src\controllers\enrollmentController.js
FN:4,(anonymous_0)
FN:24,(anonymous_1)
FN:58,(anonymous_2)
FN:87,(anonymous_3)
FN:104,(anonymous_4)
FN:112,(anonymous_5)
FNF:6
FNH:6
FNDA:1,(anonymous_0)
FNDA:2,(anonymous_1)
FNDA:1,(anonymous_2)
FNDA:1,(anonymous_3)
FNDA:1,(anonymous_4)
FNDA:1,(anonymous_5)
DA:1,3
DA:4,3
DA:5,1
DA:7,1
DA:8,0
DA:11,1
DA:12,1
DA:17,1
DA:19,0
DA:24,3
DA:25,2
DA:32,2
DA:34,2
DA:35,2
DA:47,1
DA:48,0
DA:51,1
DA:53,1
DA:58,3
DA:59,1
DA:61,1
DA:62,1
DA:67,1
DA:68,0
DA:71,1
DA:74,1
DA:80,1
DA:82,0
DA:87,3
DA:88,1
DA:90,1
DA:91,0
DA:94,1
DA:95,1
DA:100,1
DA:101,0
DA:104,1
DA:105,1
DA:112,1
DA:114,1
DA:116,0
LF:41
LH:33
BRDA:7,0,0,0
BRDA:7,0,1,1
BRDA:7,1,0,1
BRDA:7,1,1,1
BRDA:47,2,0,0
BRDA:47,2,1,1
BRDA:67,3,0,0
BRDA:67,3,1,1
BRDA:90,4,0,0
BRDA:90,4,1,1
BRDA:100,5,0,0
BRDA:100,5,1,1
BRF:12
BRH:7
end_of_record
TN:
SF:src\controllers\studentController.js
FN:3,(anonymous_0)
FN:25,(anonymous_1)
FN:30,(anonymous_2)
FN:42,(anonymous_3)
FNF:4
FNH:4
FNDA:3,(anonymous_0)
FNDA:1,(anonymous_1)
FNDA:1,(anonymous_2)
FNDA:1,(anonymous_3)
DA:1,3
DA:3,3
DA:4,3
DA:6,3
DA:7,1
DA:10,2
DA:11,2
DA:16,2
DA:18,0
DA:19,0
DA:21,0
DA:25,3
DA:26,1
DA:27,1
DA:30,3
DA:31,1
DA:32,1
DA:34,1
DA:39,1
DA:42,3
DA:43,1
DA:45,1
DA:47,1
LF:23
LH:20
BRDA:6,0,0,1
BRDA:6,0,1,2
BRDA:6,1,0,3
BRDA:6,1,1,3
BRDA:18,2,0,0
BRDA:18,2,1,0
BRF:6
BRH:4
end_of_record
TN:
SF:src\routes\courses.js
FNF:0
FNH:0
DA:1,3
DA:2,3
DA:3,3
DA:5,3
DA:6,3
DA:7,3
DA:8,3
DA:9,3
DA:11,3
LF:9
LH:9
BRF:0
BRH:0
end_of_record
TN:
SF:src\routes\enrollments.js
FN:5,(anonymous_0)
FNF:1
FNH:0
FNDA:0,(anonymous_0)
DA:1,3
DA:2,3
DA:3,3
DA:5,3
DA:6,0
DA:9,3
DA:10,3
DA:11,3
DA:12,3
DA:14,3
LF:10
LH:9
BRF:0
BRH:0
end_of_record
TN:
SF:src\routes\students.js
FNF:0
FNH:0
DA:1,3
DA:2,3
DA:3,3
DA:5,3
DA:6,3
DA:7,3
DA:8,3
DA:10,3
LF:8
LH:8
BRF:0
BRH:0
end_of_record
